# JRE version: OpenJDK Runtime Environment (8.0_212-b03) (build 1.8.0_212-8u212-b03-0ubuntu1.18.10.1-b03)
# Java VM: OpenJDK 64-Bit Server VM (25.212-b03 mixed mode linux-amd64 compressed oops)
Heap:
 PSYoungGen      total 17920K, used 3273K [0x00000000ec100000, 0x00000000ed500000, 0x0000000100000000)
  eden space 15360K, 21% used [0x00000000ec100000,0x00000000ec432578,0x00000000ed000000)
  from space 2560K, 0% used [0x00000000ed280000,0x00000000ed280000,0x00000000ed500000)
  to   space 2560K, 0% used [0x00000000ed000000,0x00000000ed000000,0x00000000ed280000)
 ParOldGen       total 34816K, used 5595K [0x00000000c4200000, 0x00000000c6400000, 0x00000000ec100000)
  object space 34816K, 16% used [0x00000000c4200000,0x00000000c4776fd0,0x00000000c6400000)
 Metaspace       used 21373K, capacity 21752K, committed 22016K, reserved 1069056K
  class space    used 2676K, capacity 2807K, committed 2816K, reserved 1048576K
GC Heap History (10 events):
Event: 4,630 GC heap before
{Heap before GC invocations=1 (full 0):
 PSYoungGen      total 17920K, used 15360K [0x00000000ec100000, 0x00000000ed500000, 0x0000000100000000)
  eden space 15360K, 100% used [0x00000000ec100000,0x00000000ed000000,0x00000000ed000000)
  from space 2560K, 0% used [0x00000000ed280000,0x00000000ed280000,0x00000000ed500000)
  to   space 2560K, 0% used [0x00000000ed000000,0x00000000ed000000,0x00000000ed280000)
 ParOldGen       total 40960K, used 0K [0x00000000c4200000, 0x00000000c6a00000, 0x00000000ec100000)
  object space 40960K, 0% used [0x00000000c4200000,0x00000000c4200000,0x00000000c6a00000)
 Metaspace       used 11291K, capacity 11514K, committed 11648K, reserved 1058816K
  class space    used 1251K, capacity 1327K, committed 1408K, reserved 1048576K
Event: 4,641 GC heap after
Heap after GC invocations=1 (full 0):
 PSYoungGen      total 17920K, used 2540K [0x00000000ec100000, 0x00000000ed500000, 0x0000000100000000)
  eden space 15360K, 0% used [0x00000000ec100000,0x00000000ec100000,0x00000000ed000000)
  from space 2560K, 99% used [0x00000000ed000000,0x00000000ed27b0c8,0x00000000ed280000)
  to   space 2560K, 0% used [0x00000000ed280000,0x00000000ed280000,0x00000000ed500000)
 ParOldGen       total 40960K, used 1129K [0x00000000c4200000, 0x00000000c6a00000, 0x00000000ec100000)
  object space 40960K, 2% used [0x00000000c4200000,0x00000000c431a758,0x00000000c6a00000)
 Metaspace       used 11291K, capacity 11514K, committed 11648K, reserved 1058816K
  class space    used 1251K, capacity 1327K, committed 1408K, reserved 1048576K
}
Event: 6,952 GC heap before
{Heap before GC invocations=2 (full 0):
 PSYoungGen      total 17920K, used 17900K [0x00000000ec100000, 0x00000000ed500000, 0x0000000100000000)
  eden space 15360K, 100% used [0x00000000ec100000,0x00000000ed000000,0x00000000ed000000)
  from space 2560K, 99% used [0x00000000ed000000,0x00000000ed27b0c8,0x00000000ed280000)
  to   space 2560K, 0% used [0x00000000ed280000,0x00000000ed280000,0x00000000ed500000)
 ParOldGen       total 40960K, used 1129K [0x00000000c4200000, 0x00000000c6a00000, 0x00000000ec100000)
  object space 40960K, 2% used [0x00000000c4200000,0x00000000c431a758,0x00000000c6a00000)
 Metaspace       used 19326K, capacity 19610K, committed 19968K, reserved 1067008K
  class space    used 2418K, capacity 2512K, committed 2560K, reserved 1048576K
Event: 6,963 GC heap after
Heap after GC invocations=2 (full 0):
 PSYoungGen      total 17920K, used 2528K [0x00000000ec100000, 0x00000000ed500000, 0x0000000100000000)
  eden space 15360K, 0% used [0x00000000ec100000,0x00000000ec100000,0x00000000ed000000)
  from space 2560K, 98% used [0x00000000ed280000,0x00000000ed4f8060,0x00000000ed500000)
  to   space 2560K, 0% used [0x00000000ed000000,0x00000000ed000000,0x00000000ed280000)
 ParOldGen       total 40960K, used 3508K [0x00000000c4200000, 0x00000000c6a00000, 0x00000000ec100000)
  object space 40960K, 8% used [0x00000000c4200000,0x00000000c456d068,0x00000000c6a00000)
 Metaspace       used 19326K, capacity 19610K, committed 19968K, reserved 1067008K
  class space    used 2418K, capacity 2512K, committed 2560K, reserved 1048576K
}
Event: 8,372 GC heap before
{Heap before GC invocations=3 (full 0):
 PSYoungGen      total 17920K, used 17888K [0x00000000ec100000, 0x00000000ed500000, 0x0000000100000000)
  eden space 15360K, 100% used [0x00000000ec100000,0x00000000ed000000,0x00000000ed000000)
  from space 2560K, 98% used [0x00000000ed280000,0x00000000ed4f8060,0x00000000ed500000)
  to   space 2560K, 0% used [0x00000000ed000000,0x00000000ed000000,0x00000000ed280000)
 ParOldGen       total 40960K, used 3508K [0x00000000c4200000, 0x00000000c6a00000, 0x00000000ec100000)
  object space 40960K, 8% used [0x00000000c4200000,0x00000000c456d068,0x00000000c6a00000)
 Metaspace       used 19422K, capacity 19744K, committed 20224K, reserved 1067008K
  class space    used 2421K, capacity 2513K, committed 2560K, reserved 1048576K
Event: 8,384 GC heap after
Heap after GC invocations=3 (full 0):
 PSYoungGen      total 17920K, used 2546K [0x00000000ec100000, 0x00000000ed500000, 0x0000000100000000)
  eden space 15360K, 0% used [0x00000000ec100000,0x00000000ec100000,0x00000000ed000000)
  from space 2560K, 99% used [0x00000000ed000000,0x00000000ed27c880,0x00000000ed280000)
  to   space 2560K, 0% used [0x00000000ed280000,0x00000000ed280000,0x00000000ed500000)
 ParOldGen       total 40960K, used 4430K [0x00000000c4200000, 0x00000000c6a00000, 0x00000000ec100000)
  object space 40960K, 10% used [0x00000000c4200000,0x00000000c4653908,0x00000000c6a00000)
 Metaspace       used 19422K, capacity 19744K, committed 20224K, reserved 1067008K
  class space    used 2421K, capacity 2513K, committed 2560K, reserved 1048576K
}
Event: 9,134 GC heap before
{Heap before GC invocations=4 (full 0):
 PSYoungGen      total 17920K, used 8201K [0x00000000ec100000, 0x00000000ed500000, 0x0000000100000000)
  eden space 15360K, 36% used [0x00000000ec100000,0x00000000ec685ee8,0x00000000ed000000)
  from space 2560K, 99% used [0x00000000ed000000,0x00000000ed27c880,0x00000000ed280000)
  to   space 2560K, 0% used [0x00000000ed280000,0x00000000ed280000,0x00000000ed500000)
 ParOldGen       total 40960K, used 4430K [0x00000000c4200000, 0x00000000c6a00000, 0x00000000ec100000)
  object space 40960K, 10% used [0x00000000c4200000,0x00000000c4653908,0x00000000c6a00000)
 Metaspace       used 20642K, capacity 20980K, committed 21248K, reserved 1067008K
  class space    used 2614K, capacity 2743K, committed 2816K, reserved 1048576K
Event: 9,143 GC heap after
Heap after GC invocations=4 (full 0):
 PSYoungGen      total 17920K, used 2528K [0x00000000ec100000, 0x00000000ed500000, 0x0000000100000000)
  eden space 15360K, 0% used [0x00000000ec100000,0x00000000ec100000,0x00000000ed000000)
  from space 2560K, 98% used [0x00000000ed280000,0x00000000ed4f8060,0x00000000ed500000)
  to   space 2560K, 0% used [0x00000000ed000000,0x00000000ed000000,0x00000000ed280000)
 ParOldGen       total 40960K, used 5050K [0x00000000c4200000, 0x00000000c6a00000, 0x00000000ec100000)
  object space 40960K, 12% used [0x00000000c4200000,0x00000000c46ee8f0,0x00000000c6a00000)
 Metaspace       used 20642K, capacity 20980K, committed 21248K, reserved 1067008K
  class space    used 2614K, capacity 2743K, committed 2816K, reserved 1048576K
}
Event: 9,144 GC heap before
{Heap before GC invocations=5 (full 1):
 PSYoungGen      total 17920K, used 2528K [0x00000000ec100000, 0x00000000ed500000, 0x0000000100000000)
  eden space 15360K, 0% used [0x00000000ec100000,0x00000000ec100000,0x00000000ed000000)
  from space 2560K, 98% used [0x00000000ed280000,0x00000000ed4f8060,0x00000000ed500000)
  to   space 2560K, 0% used [0x00000000ed000000,0x00000000ed000000,0x00000000ed280000)
 ParOldGen       total 40960K, used 5050K [0x00000000c4200000, 0x00000000c6a00000, 0x00000000ec100000)
  object space 40960K, 12% used [0x00000000c4200000,0x00000000c46ee8f0,0x00000000c6a00000)
 Metaspace       used 20642K, capacity 20980K, committed 21248K, reserved 1067008K
  class space    used 2614K, capacity 2743K, committed 2816K, reserved 1048576K
Event: 9,277 GC heap after
Heap after GC invocations=5 (full 1):
 PSYoungGen      total 17920K, used 0K [0x00000000ec100000, 0x00000000ed500000, 0x0000000100000000)
  eden space 15360K, 0% used [0x00000000ec100000,0x00000000ec100000,0x00000000ed000000)
  from space 2560K, 0% used [0x00000000ed280000,0x00000000ed280000,0x00000000ed500000)
  to   space 2560K, 0% used [0x00000000ed000000,0x00000000ed000000,0x00000000ed280000)
 ParOldGen       total 34816K, used 5595K [0x00000000c4200000, 0x00000000c6400000, 0x00000000ec100000)
  object space 34816K, 16% used [0x00000000c4200000,0x00000000c4776fd0,0x00000000c6400000)
 Metaspace       used 20642K, capacity 20980K, committed 21248K, reserved 1067008K
  class space    used 2614K, capacity 2743K, committed 2816K, reserved 1048576K
}

